< const , 2 >
< MAX , 34 >
< = , 20 >
< 1000 , 33 >
< ; , 28 >
< var , 3 >
< i , 34 >
< , , 26 >
< j , 34 >
< , , 26 >
< n , 34 >
< , , 26 >
< s , 34 >
< : , 29 >
< longint , 34 >
< ; , 28 >
< begin , 13 >
< readln , 34 >
< ( , 31 >
< n , 34 >
< ) , 32 >
< ; , 28 >
< s , 34 >
< := , 30 >
< 0 , 33 >
< ; , 28 >
< for , 34 >
< i , 34 >
< := , 30 >
< 1 , 33 >
< to , 34 >
< n , 34 >
< do , 10 >
< begin , 13 >
< opt , 34 >
< [ , -1 >
< i , 34 >
< ] , -1 >
< := , 30 >
< 1 , 33 >
< ; , 28 >
< for , 34 >
< j , 34 >
< := , 30 >
< 1 , 33 >
< to , 34 >
< i , 34 >
< - , 17 >
< 2 , 33 >
< do , 10 >
< inc , 34 >
< ( , 31 >
< opt , 34 >
< [ , -1 >
< i , 34 >
< ] , -1 >
< , , 26 >
< opt , 34 >
< [ , -1 >
< j , 34 >
< ] , -1 >
< ) , 32 >
< ; , 28 >
< inc , 34 >
< ( , 31 >
< s , 34 >
< , , 26 >
< opt , 34 >
< [ , -1 >
< i , 34 >
< ] , -1 >
< ) , 32 >
< ; , 28 >
< end , 14 >
< ; , 28 >
< writeln , 34 >
< ( , 31 >
< s , 34 >
< ) , 32 >
< ; , 28 >
< end , 14 >
< . , 27 >
